DEBUG:root:-------------------------->  REQUEST START
DEBUG:root:-------------------------->  REQUEST START
DEBUG:root:-> UUID: 39ae87c8-8afb-45ec-a406-fa26f2a00710
DEBUG:root:-> URL: /
DEBUG:root:-------------------------->  REQUEST END
DEBUG:root:-------------------------->  REQUEST START
DEBUG:root:-> UUID: 39ae87c8-8afb-45ec-a406-fa26f2a00710
DEBUG:root:-> URL: /
DEBUG:root:-------------------------->  REQUEST END
DEBUG:root:-------------------------->  REQUEST START
DEBUG:root:-> UUID: 39ae87c8-8afb-45ec-a406-fa26f2a00710
DEBUG:root:-> URL: /
DEBUG:root:-------------------------->  REQUEST END
2018-06-13 03:11:10,036 -------------------------->  REQUEST START
2018-06-13 03:11:10,045 -> UUID: 39ae87c8-8afb-45ec-a406-fa26f2a00710
2018-06-13 03:11:10,046 -> URL: /
2018-06-13 03:11:10,069 -------------------------->  REQUEST END
2018-06-13 03:11:27,224 -------------------------->  REQUEST START
2018-06-13 03:11:27,231 -> UUID: 39ae87c8-8afb-45ec-a406-fa26f2a00710
2018-06-13 03:11:27,232 -> URL: /login
2018-06-13 03:11:27,254 -------------------------->  REQUEST END
2018-06-13 03:11:27,664 -------------------------->  REQUEST START
2018-06-13 03:11:27,673 -> UUID: 39ae87c8-8afb-45ec-a406-fa26f2a00710
2018-06-13 03:11:27,673 -> URL: /session?key=error&msg=You%20are%20already%20logged
2018-06-13 03:11:27,681 -------------------------->  REQUEST END
2018-06-13 03:11:27,694 -------------------------->  REQUEST START
2018-06-13 03:11:27,704 -> UUID: 39ae87c8-8afb-45ec-a406-fa26f2a00710
2018-06-13 03:11:27,704 -> URL: /
2018-06-13 03:11:27,726 -------------------------->  REQUEST END
2018-06-13 03:11:47,663 -------------------------->  REQUEST START
2018-06-13 03:11:47,671 -> UUID: 39ae87c8-8afb-45ec-a406-fa26f2a00710
2018-06-13 03:11:47,671 -> URL: /
2018-06-13 03:11:47,693 -------------------------->  REQUEST END
2018-06-13 03:12:18,250 -------------------------->  REQUEST START
2018-06-13 03:12:18,257 -> UUID: 39ae87c8-8afb-45ec-a406-fa26f2a00710
2018-06-13 03:12:18,257 -> URL: /
2018-06-13 03:12:18,274 -------------------------->  REQUEST END
2018-06-13 03:12:20,887 -------------------------->  REQUEST START
2018-06-13 03:12:20,893 -> UUID: 39ae87c8-8afb-45ec-a406-fa26f2a00710
2018-06-13 03:12:20,893 -> URL: /
2018-06-13 03:12:20,908 -------------------------->  REQUEST END
2018-06-13 03:12:22,619 -------------------------->  REQUEST START
2018-06-13 03:12:22,631 -> UUID: 39ae87c8-8afb-45ec-a406-fa26f2a00710
2018-06-13 03:12:22,631 -> URL: /
2018-06-13 03:12:22,658 -------------------------->  REQUEST END
2018-06-13 03:12:23,638 -------------------------->  REQUEST START
2018-06-13 03:12:23,647 -> UUID: 39ae87c8-8afb-45ec-a406-fa26f2a00710
2018-06-13 03:12:23,647 -> URL: /login
2018-06-13 03:12:23,668 -------------------------->  REQUEST END
2018-06-13 03:12:23,996 -------------------------->  REQUEST START
2018-06-13 03:12:24,006 -> UUID: 39ae87c8-8afb-45ec-a406-fa26f2a00710
2018-06-13 03:12:24,006 -> URL: /session?key=error&msg=You%20are%20already%20logged
2018-06-13 03:12:24,009 -------------------------->  REQUEST END
2018-06-13 03:12:24,038 -------------------------->  REQUEST START
2018-06-13 03:12:24,049 -> UUID: 39ae87c8-8afb-45ec-a406-fa26f2a00710
2018-06-13 03:12:24,049 -> URL: /
2018-06-13 03:12:24,072 -------------------------->  REQUEST END
2018-06-13 03:12:39,642 -------------------------->  REQUEST START
2018-06-13 03:12:39,651 -> UUID: 39ae87c8-8afb-45ec-a406-fa26f2a00710
2018-06-13 03:12:39,651 -> URL: /
2018-06-13 03:12:39,672 -------------------------->  REQUEST END
2018-06-13 03:13:27,051 -------------------------->  REQUEST START
2018-06-13 03:13:27,058 -> UUID: 39ae87c8-8afb-45ec-a406-fa26f2a00710
2018-06-13 03:13:27,058 -> URL: /login
2018-06-13 03:14:26,000 -------------------------->  REQUEST START
2018-06-13 03:14:26,007 -> UUID: 39ae87c8-8afb-45ec-a406-fa26f2a00710
2018-06-13 03:14:26,007 -> URL: /login
2018-06-13 03:14:42,521 -------------------------->  REQUEST START
2018-06-13 03:14:42,530 -> UUID: 39ae87c8-8afb-45ec-a406-fa26f2a00710
2018-06-13 03:14:42,530 -> URL: /login
2018-06-13 03:14:42,530 Failed to execute request
Traceback (most recent call last):
  File "/var/www/boox/liteframework/routing.py", line 72, in handle_request
    var = vap
NameError: global name 'vap' is not defined
2018-06-13 03:17:44,340 -------------------------->  REQUEST START
2018-06-13 03:17:44,347 -> UUID: 39ae87c8-8afb-45ec-a406-fa26f2a00710
2018-06-13 03:17:44,347 -> URL: /login
2018-06-13 03:17:44,366 -------------------------->  REQUEST END
2018-06-13 03:17:44,723 -------------------------->  REQUEST START
2018-06-13 03:17:44,731 -> UUID: 39ae87c8-8afb-45ec-a406-fa26f2a00710
2018-06-13 03:17:44,731 -> URL: /
2018-06-13 03:17:44,758 -------------------------->  REQUEST END
2018-06-13 03:17:45,247 -------------------------->  REQUEST START
2018-06-13 03:17:45,278 -> UUID: 39ae87c8-8afb-45ec-a406-fa26f2a00710
2018-06-13 03:17:45,278 -> URL: /session?key=error&msg=You%20are%20already%20logged
2018-06-13 03:17:45,288 -------------------------->  REQUEST END
